Tue Jun 13 2023 20:44:07 GMT+0700 (Waktu Indonesia Barat) : INFO : SERVER RUN
Mon Jun 19 2023 13:20:15 GMT+0700 (Waktu Indonesia Barat) : INFO : SERVER RUN
Mon Jun 19 2023 13:22:14 GMT+0700 (Waktu Indonesia Barat) : INFO : SERVER RUN
Mon Jun 19 2023 13:24:17 GMT+0700 (Waktu Indonesia Barat) : INFO : SERVER RUN
Mon Jun 19 2023 13:30:38 GMT+0700 (Waktu Indonesia Barat) : INFO : SERVER RUN
Mon Jun 19 2023 13:31:42 GMT+0700 (Waktu Indonesia Barat) : INFO : SERVER RUN IN localhost:3000
Mon Jun 19 2023 13:31:57 GMT+0700 (Waktu Indonesia Barat) : INFO : SERVER RUN IN localhost:/3000
Mon Jun 19 2023 13:33:39 GMT+0700 (Waktu Indonesia Barat) : INFO : SERVER MENGAKSES ALL TAMPIL
Mon Jun 19 2023 13:33:40 GMT+0700 (Waktu Indonesia Barat) : INFO : data berhasil di tampilkan
Mon Jun 19 2023 13:34:12 GMT+0700 (Waktu Indonesia Barat) : INFO : SERVER RUN IN http://localhost:3000/
Mon Jun 19 2023 13:34:57 GMT+0700 (Waktu Indonesia Barat) : INFO : SERVER RUN IN http://localhost:3000/
Mon Jun 19 2023 13:41:26 GMT+0700 (Waktu Indonesia Barat) : INFO : SERVER RUN IN http://localhost:3000/
Mon Jun 19 2023 13:41:32 GMT+0700 (Waktu Indonesia Barat) : INFO : SERVER RUN IN http://localhost:3000/
Mon Jun 19 2023 13:42:09 GMT+0700 (Waktu Indonesia Barat) : INFO : SERVER RUN IN http://localhost:3000/
Mon Jun 19 2023 13:42:12 GMT+0700 (Waktu Indonesia Barat) : INFO : SERVER MENGAKSES ALL TAMPIL
Mon Jun 19 2023 13:43:43 GMT+0700 (Waktu Indonesia Barat) : INFO : SERVER RUN IN http://localhost:3000/
Mon Jun 19 2023 13:43:46 GMT+0700 (Waktu Indonesia Barat) : INFO : SERVER MENGAKSES ONE TAMPIL BY ID
Mon Jun 19 2023 13:43:46 GMT+0700 (Waktu Indonesia Barat) : INFO : data berhasil di tampilkan
Mon Jun 19 2023 13:43:58 GMT+0700 (Waktu Indonesia Barat) : INFO : SERVER RUN IN http://localhost:3000/
Mon Jun 19 2023 13:44:01 GMT+0700 (Waktu Indonesia Barat) : INFO : SERVER MENGAKSES ONE TAMPIL BY ID
Mon Jun 19 2023 13:44:01 GMT+0700 (Waktu Indonesia Barat) : INFO : data berhasil di tampilkan
Mon Jun 19 2023 13:44:06 GMT+0700 (Waktu Indonesia Barat) : INFO : SERVER MENGAKSES ALL TAMPIL
Mon Jun 19 2023 13:44:06 GMT+0700 (Waktu Indonesia Barat) : INFO : data berhasil di tampilkan
Mon Jun 19 2023 13:44:50 GMT+0700 (Waktu Indonesia Barat) : INFO : SERVER RUN IN http://localhost:3000/
Mon Jun 19 2023 13:44:55 GMT+0700 (Waktu Indonesia Barat) : INFO : SERVER RUN IN http://localhost:3000/
Mon Jun 19 2023 13:45:08 GMT+0700 (Waktu Indonesia Barat) : INFO : SERVER MENGAKSES ALL TAMPIL
Mon Jun 19 2023 13:45:08 GMT+0700 (Waktu Indonesia Barat) : INFO : data berhasil di tampilkan
Mon Jun 19 2023 13:45:29 GMT+0700 (Waktu Indonesia Barat) : INFO : SERVER RUN IN http://localhost:3000/
Mon Jun 19 2023 13:45:38 GMT+0700 (Waktu Indonesia Barat) : INFO : SERVER MENGAKSES ALL TAMPIL
Mon Jun 19 2023 13:45:39 GMT+0700 (Waktu Indonesia Barat) : INFO : data berhasil di tampilkan
Mon Jun 19 2023 13:48:00 GMT+0700 (Waktu Indonesia Barat) : INFO : SERVER MENGAKSES ALL TAMPIL
Mon Jun 19 2023 13:48:00 GMT+0700 (Waktu Indonesia Barat) : INFO : data berhasil di tampilkan
Mon Jun 19 2023 13:49:26 GMT+0700 (Waktu Indonesia Barat) : INFO : SERVER RUN IN http://localhost:3000/
Mon Jun 19 2023 13:49:29 GMT+0700 (Waktu Indonesia Barat) : INFO : SERVER MENGAKSES ALL TAMPIL
Mon Jun 19 2023 13:49:29 GMT+0700 (Waktu Indonesia Barat) : INFO : data berhasil di tampilkan
Mon Jun 19 2023 13:49:33 GMT+0700 (Waktu Indonesia Barat) : ERROR : data gagal di temukan
Tue Jun 20 2023 08:42:52 GMT+0700 (Waktu Indonesia Barat) : INFO : SERVER RUN IN http://localhost:3000/
Tue Jun 20 2023 08:53:07 GMT+0700 (Waktu Indonesia Barat) : INFO : SERVER RUN IN http://localhost:3000/
Tue Jun 20 2023 08:53:21 GMT+0700 (Waktu Indonesia Barat) : INFO : SERVER RUN IN http://localhost:3000/
Tue Jun 20 2023 08:54:19 GMT+0700 (Waktu Indonesia Barat) : INFO : SERVER MENGAKSES ALL TAMPIL
Tue Jun 20 2023 08:54:20 GMT+0700 (Waktu Indonesia Barat) : INFO : data berhasil di tampilkan
Tue Jun 20 2023 08:55:19 GMT+0700 (Waktu Indonesia Barat) : INFO : SERVER RUN IN http://localhost:3000/
Tue Jun 20 2023 08:55:21 GMT+0700 (Waktu Indonesia Barat) : INFO : SERVER MENGAKSES ALL TAMPIL
Tue Jun 20 2023 08:55:21 GMT+0700 (Waktu Indonesia Barat) : INFO : data berhasil di tampilkan
Tue Jun 20 2023 08:55:44 GMT+0700 (Waktu Indonesia Barat) : ERROR : data gagal di temukan
Tue Jun 20 2023 08:56:21 GMT+0700 (Waktu Indonesia Barat) : INFO : SERVER MENGAKSES ONE TAMPIL BY ID
Tue Jun 20 2023 08:56:21 GMT+0700 (Waktu Indonesia Barat) : INFO : data berhasil di tampilkan
Tue Jun 20 2023 08:57:40 GMT+0700 (Waktu Indonesia Barat) : INFO : SERVER RUN IN http://localhost:3000/
Tue Jun 20 2023 08:57:46 GMT+0700 (Waktu Indonesia Barat) : ERROR : data gagal di temukan
Tue Jun 20 2023 08:59:12 GMT+0700 (Waktu Indonesia Barat) : INFO : SERVER RUN IN http://localhost:3000/
Tue Jun 20 2023 08:59:13 GMT+0700 (Waktu Indonesia Barat) : ERROR : data gagal di temukan
Tue Jun 20 2023 09:00:46 GMT+0700 (Waktu Indonesia Barat) : INFO : SERVER RUN IN http://localhost:3000/
Tue Jun 20 2023 09:02:03 GMT+0700 (Waktu Indonesia Barat) : INFO : SERVER RUN IN http://localhost:3000/
Tue Jun 20 2023 09:02:18 GMT+0700 (Waktu Indonesia Barat) : INFO : SERVER RUN IN http://localhost:3000/
Tue Jun 20 2023 09:02:59 GMT+0700 (Waktu Indonesia Barat) : INFO : SERVER RUN IN http://localhost:3000/
Tue Jun 20 2023 09:03:01 GMT+0700 (Waktu Indonesia Barat) : ERROR : data gagal di temukan
Tue Jun 20 2023 09:03:14 GMT+0700 (Waktu Indonesia Barat) : INFO : SERVER RUN IN http://localhost:3000/
Tue Jun 20 2023 09:03:21 GMT+0700 (Waktu Indonesia Barat) : INFO : SERVER RUN IN http://localhost:3000/
Tue Jun 20 2023 09:03:22 GMT+0700 (Waktu Indonesia Barat) : ERROR : data gagal di temukan
Tue Jun 20 2023 09:03:29 GMT+0700 (Waktu Indonesia Barat) : INFO : SERVER RUN IN http://localhost:3000/
Tue Jun 20 2023 09:04:25 GMT+0700 (Waktu Indonesia Barat) : INFO : SERVER RUN IN http://localhost:3000/
Tue Jun 20 2023 09:04:45 GMT+0700 (Waktu Indonesia Barat) : INFO : SERVER MENGAKSES ONE TAMPIL BY ID
Tue Jun 20 2023 09:04:45 GMT+0700 (Waktu Indonesia Barat) : INFO : data berhasil di tampilkan
Tue Jun 20 2023 09:05:32 GMT+0700 (Waktu Indonesia Barat) : INFO : SERVER RUN IN http://localhost:3000/
Tue Jun 20 2023 09:05:35 GMT+0700 (Waktu Indonesia Barat) : INFO : SERVER MENGAKSES ONE TAMPIL BY ID
Tue Jun 20 2023 09:05:35 GMT+0700 (Waktu Indonesia Barat) : INFO : data berhasil di tampilkan
Tue Jun 20 2023 09:06:45 GMT+0700 (Waktu Indonesia Barat) : INFO : SERVER RUN IN http://localhost:3000/
Tue Jun 20 2023 09:07:16 GMT+0700 (Waktu Indonesia Barat) : INFO : data berhasil di hapus
Tue Jun 20 2023 09:07:28 GMT+0700 (Waktu Indonesia Barat) : INFO : data berhasil di hapus
Tue Jun 20 2023 09:07:50 GMT+0700 (Waktu Indonesia Barat) : INFO : SERVER MENGAKSES ONE TAMPIL BY ID
Tue Jun 20 2023 09:07:50 GMT+0700 (Waktu Indonesia Barat) : INFO : data berhasil di tampilkan
Tue Jun 20 2023 09:12:04 GMT+0700 (Waktu Indonesia Barat) : INFO : SERVER RUN IN http://localhost:3000/
Tue Jun 20 2023 09:12:09 GMT+0700 (Waktu Indonesia Barat) : INFO : SERVER MENGAKSES ONE TAMPIL BY ID
Tue Jun 20 2023 09:12:09 GMT+0700 (Waktu Indonesia Barat) : ERROR : data gagal di tampilkan
Tue Jun 20 2023 09:12:19 GMT+0700 (Waktu Indonesia Barat) : ERROR : data gagal di hapus
Wed Jun 21 2023 10:11:32 GMT+0700 (Waktu Indonesia Barat) : INFO : SERVER RUN IN http://localhost:3000/
Wed Jun 21 2023 10:11:45 GMT+0700 (Waktu Indonesia Barat) : INFO : SERVER RUN IN http://localhost:3000/
Wed Jun 21 2023 10:12:22 GMT+0700 (Waktu Indonesia Barat) : INFO : SERVER MENGAKSES ALL TAMPIL
Wed Jun 21 2023 10:12:22 GMT+0700 (Waktu Indonesia Barat) : INFO : data berhasil di tampilkan
Wed Jun 21 2023 10:12:34 GMT+0700 (Waktu Indonesia Barat) : INFO : SERVER MENGAKSES ONE TAMPIL BY ID
Wed Jun 21 2023 10:12:34 GMT+0700 (Waktu Indonesia Barat) : ERROR : data gagal di tampilkan
Wed Jun 21 2023 10:13:15 GMT+0700 (Waktu Indonesia Barat) : INFO : SERVER MENGAKSES ONE INPUT
Wed Jun 21 2023 10:13:15 GMT+0700 (Waktu Indonesia Barat) : ERROR : "kelas" must be one of [XI RPL 1, XI RPL 2]
Wed Jun 21 2023 10:13:35 GMT+0700 (Waktu Indonesia Barat) : INFO : SERVER MENGAKSES ONE INPUT
Wed Jun 21 2023 10:13:35 GMT+0700 (Waktu Indonesia Barat) : INFO : data berhasil di simpan
Wed Jun 21 2023 10:14:44 GMT+0700 (Waktu Indonesia Barat) : INFO : SERVER RUN IN http://localhost:3000/
Wed Jun 21 2023 10:16:05 GMT+0700 (Waktu Indonesia Barat) : INFO : SERVER RUN IN http://localhost:3000/
Wed Jun 21 2023 10:16:26 GMT+0700 (Waktu Indonesia Barat) : INFO : SERVER RUN IN http://localhost:3000/
Wed Jun 21 2023 10:16:57 GMT+0700 (Waktu Indonesia Barat) : INFO : SERVER RUN IN http://localhost:3000/
Wed Jun 21 2023 10:17:22 GMT+0700 (Waktu Indonesia Barat) : INFO : SERVER RUN IN http://localhost:3000/
Wed Jun 21 2023 10:17:24 GMT+0700 (Waktu Indonesia Barat) : ERROR : 
Wed Jun 21 2023 10:17:47 GMT+0700 (Waktu Indonesia Barat) : INFO : SERVER RUN IN http://localhost:3000/
Wed Jun 21 2023 10:18:56 GMT+0700 (Waktu Indonesia Barat) : INFO : SERVER RUN IN http://localhost:3000/
Wed Jun 21 2023 10:19:19 GMT+0700 (Waktu Indonesia Barat) : INFO : SERVER RUN IN http://localhost:3000/
Wed Jun 21 2023 10:19:26 GMT+0700 (Waktu Indonesia Barat) : INFO : data berhasil di update
Wed Jun 21 2023 10:20:14 GMT+0700 (Waktu Indonesia Barat) : INFO : SERVER RUN IN http://localhost:3000/
Wed Jun 21 2023 10:20:22 GMT+0700 (Waktu Indonesia Barat) : ERROR : 
Wed Jun 21 2023 10:21:40 GMT+0700 (Waktu Indonesia Barat) : INFO : data berhasil di hapus
Thu Jun 22 2023 20:47:14 GMT+0700 (Waktu Indonesia Barat) : INFO : SERVER RUN IN http://localhost:3000/
Thu Jun 22 2023 20:48:27 GMT+0700 (Waktu Indonesia Barat) : INFO : SERVER RUN IN http://localhost:3000/
Thu Jun 22 2023 20:52:23 GMT+0700 (Waktu Indonesia Barat) : INFO : SERVER RUN IN http://localhost:3000/
Thu Jun 22 2023 20:52:39 GMT+0700 (Waktu Indonesia Barat) : INFO : SERVER RUN IN http://localhost:3000/
Thu Jun 22 2023 20:53:11 GMT+0700 (Waktu Indonesia Barat) : INFO : SERVER RUN IN http://localhost:3000/
Thu Jun 22 2023 20:54:04 GMT+0700 (Waktu Indonesia Barat) : INFO : SERVER RUN IN http://localhost:3000/
Thu Jun 22 2023 20:54:41 GMT+0700 (Waktu Indonesia Barat) : INFO : SERVER RUN IN http://localhost:3000/
Thu Jun 22 2023 20:55:24 GMT+0700 (Waktu Indonesia Barat) : INFO : SERVER RUN IN http://localhost:3000/
Thu Jun 22 2023 20:58:11 GMT+0700 (Waktu Indonesia Barat) : INFO : SERVER RUN IN http://localhost:3000/
Thu Jun 22 2023 21:00:28 GMT+0700 (Waktu Indonesia Barat) : INFO : SERVER MENGAKSES ONE INPUT
Thu Jun 22 2023 21:00:28 GMT+0700 (Waktu Indonesia Barat) : ERROR : "nama" is required
Thu Jun 22 2023 21:01:47 GMT+0700 (Waktu Indonesia Barat) : INFO : SERVER RUN IN http://localhost:3000/
Thu Jun 22 2023 21:03:01 GMT+0700 (Waktu Indonesia Barat) : INFO : SERVER RUN IN http://localhost:3000/
Thu Jun 22 2023 21:03:35 GMT+0700 (Waktu Indonesia Barat) : INFO : SERVER RUN IN http://localhost:3000/
Thu Jun 22 2023 21:03:36 GMT+0700 (Waktu Indonesia Barat) : INFO : SERVER MENGAKSES ONE INPUT
Thu Jun 22 2023 21:03:36 GMT+0700 (Waktu Indonesia Barat) : INFO : data berhasil di simpan
Thu Jun 22 2023 21:04:52 GMT+0700 (Waktu Indonesia Barat) : INFO : SERVER RUN IN http://localhost:3000/
Thu Jun 22 2023 21:04:57 GMT+0700 (Waktu Indonesia Barat) : INFO : SERVER RUN IN http://localhost:3000/
Thu Jun 22 2023 21:04:58 GMT+0700 (Waktu Indonesia Barat) : INFO : SERVER MENGAKSES ONE INPUT
Thu Jun 22 2023 21:04:58 GMT+0700 (Waktu Indonesia Barat) : ERROR : "image" is required
Thu Jun 22 2023 21:05:15 GMT+0700 (Waktu Indonesia Barat) : INFO : SERVER MENGAKSES ONE INPUT
Thu Jun 22 2023 21:05:15 GMT+0700 (Waktu Indonesia Barat) : ERROR : "image" is required
Thu Jun 22 2023 21:06:07 GMT+0700 (Waktu Indonesia Barat) : INFO : SERVER RUN IN http://localhost:3000/
Thu Jun 22 2023 21:08:14 GMT+0700 (Waktu Indonesia Barat) : INFO : SERVER RUN IN http://localhost:3000/
Thu Jun 22 2023 21:08:16 GMT+0700 (Waktu Indonesia Barat) : INFO : SERVER MENGAKSES ONE INPUT
Thu Jun 22 2023 21:08:16 GMT+0700 (Waktu Indonesia Barat) : ERROR : "image" is required
Thu Jun 22 2023 21:25:30 GMT+0700 (Waktu Indonesia Barat) : INFO : SERVER RUN IN http://localhost:3000/
Thu Jun 22 2023 21:26:15 GMT+0700 (Waktu Indonesia Barat) : INFO : SERVER RUN IN http://localhost:3000/
Thu Jun 22 2023 21:26:16 GMT+0700 (Waktu Indonesia Barat) : INFO : SERVER MENGAKSES ONE INPUT
Thu Jun 22 2023 21:26:16 GMT+0700 (Waktu Indonesia Barat) : ERROR : "image" is required
Thu Jun 22 2023 21:26:36 GMT+0700 (Waktu Indonesia Barat) : INFO : SERVER RUN IN http://localhost:3000/
Thu Jun 22 2023 21:26:38 GMT+0700 (Waktu Indonesia Barat) : INFO : SERVER MENGAKSES ONE INPUT
Thu Jun 22 2023 21:26:38 GMT+0700 (Waktu Indonesia Barat) : INFO : data berhasil di simpan
Thu Jun 22 2023 21:34:10 GMT+0700 (Waktu Indonesia Barat) : INFO : SERVER RUN IN http://localhost:3000/
Thu Jun 22 2023 21:35:16 GMT+0700 (Waktu Indonesia Barat) : INFO : SERVER RUN IN http://localhost:3000/
Thu Jun 22 2023 21:35:22 GMT+0700 (Waktu Indonesia Barat) : INFO : SERVER MENGAKSES ONE INPUT
Thu Jun 22 2023 21:35:22 GMT+0700 (Waktu Indonesia Barat) : INFO : data berhasil di simpan
Thu Jun 22 2023 21:35:54 GMT+0700 (Waktu Indonesia Barat) : INFO : SERVER MENGAKSES ONE INPUT
Thu Jun 22 2023 21:35:54 GMT+0700 (Waktu Indonesia Barat) : INFO : data berhasil di simpan
Thu Jun 22 2023 21:36:17 GMT+0700 (Waktu Indonesia Barat) : INFO : SERVER RUN IN http://localhost:3000/
Thu Jun 22 2023 21:36:19 GMT+0700 (Waktu Indonesia Barat) : INFO : SERVER MENGAKSES ONE INPUT
Thu Jun 22 2023 21:36:19 GMT+0700 (Waktu Indonesia Barat) : INFO : data berhasil di simpan
Thu Jun 22 2023 21:39:09 GMT+0700 (Waktu Indonesia Barat) : INFO : SERVER RUN IN http://localhost:3000/
Thu Jun 22 2023 21:39:38 GMT+0700 (Waktu Indonesia Barat) : INFO : SERVER RUN IN http://localhost:3000/
Thu Jun 22 2023 21:41:06 GMT+0700 (Waktu Indonesia Barat) : INFO : SERVER RUN IN http://localhost:3000/
Thu Jun 22 2023 21:41:38 GMT+0700 (Waktu Indonesia Barat) : INFO : SERVER RUN IN http://localhost:3000/
Thu Jun 22 2023 21:41:39 GMT+0700 (Waktu Indonesia Barat) : INFO : SERVER MENGAKSES ONE INPUT
Thu Jun 22 2023 21:41:39 GMT+0700 (Waktu Indonesia Barat) : INFO : data berhasil di simpan
Thu Jun 22 2023 21:43:03 GMT+0700 (Waktu Indonesia Barat) : INFO : SERVER RUN IN http://localhost:3000/
Thu Jun 22 2023 21:43:07 GMT+0700 (Waktu Indonesia Barat) : INFO : SERVER RUN IN http://localhost:3000/
Thu Jun 22 2023 21:43:10 GMT+0700 (Waktu Indonesia Barat) : INFO : SERVER MENGAKSES ONE INPUT
Thu Jun 22 2023 21:43:10 GMT+0700 (Waktu Indonesia Barat) : INFO : data berhasil di simpan
Thu Jun 22 2023 21:44:59 GMT+0700 (Waktu Indonesia Barat) : INFO : SERVER RUN IN http://localhost:3000/
Thu Jun 22 2023 21:45:04 GMT+0700 (Waktu Indonesia Barat) : INFO : SERVER RUN IN http://localhost:3000/
Thu Jun 22 2023 21:45:18 GMT+0700 (Waktu Indonesia Barat) : INFO : SERVER RUN IN http://localhost:3000/
Thu Jun 22 2023 21:45:20 GMT+0700 (Waktu Indonesia Barat) : INFO : SERVER MENGAKSES ONE INPUT
Thu Jun 22 2023 21:45:20 GMT+0700 (Waktu Indonesia Barat) : INFO : data berhasil di simpan
Thu Jun 22 2023 21:46:09 GMT+0700 (Waktu Indonesia Barat) : INFO : SERVER RUN IN http://localhost:3000/
Thu Jun 22 2023 21:46:25 GMT+0700 (Waktu Indonesia Barat) : INFO : SERVER RUN IN http://localhost:3000/
Thu Jun 22 2023 21:47:23 GMT+0700 (Waktu Indonesia Barat) : INFO : SERVER RUN IN http://localhost:3000/
Thu Jun 22 2023 21:48:21 GMT+0700 (Waktu Indonesia Barat) : INFO : SERVER RUN IN http://localhost:3000/
Thu Jun 22 2023 21:48:46 GMT+0700 (Waktu Indonesia Barat) : INFO : SERVER RUN IN http://localhost:3000/
Thu Jun 22 2023 21:52:13 GMT+0700 (Waktu Indonesia Barat) : INFO : SERVER RUN IN http://localhost:3000/
Thu Jun 22 2023 21:53:19 GMT+0700 (Waktu Indonesia Barat) : INFO : SERVER RUN IN http://localhost:3000/
Thu Jun 22 2023 21:53:46 GMT+0700 (Waktu Indonesia Barat) : INFO : SERVER RUN IN http://localhost:3000/
Mon Jun 26 2023 07:51:53 GMT+0700 (Waktu Indonesia Barat) : INFO : SERVER RUN IN http://localhost:3000/
Mon Jun 26 2023 07:58:35 GMT+0700 (Waktu Indonesia Barat) : INFO : SERVER RUN IN http://localhost:3000/
Mon Jun 26 2023 08:00:17 GMT+0700 (Waktu Indonesia Barat) : INFO : SERVER RUN IN http://localhost:3000/
Mon Jun 26 2023 08:17:10 GMT+0700 (Waktu Indonesia Barat) : INFO : SERVER RUN IN http://localhost:3000/
Mon Jun 26 2023 08:17:27 GMT+0700 (Waktu Indonesia Barat) : INFO : SERVER RUN IN http://localhost:3000/
Mon Jun 26 2023 08:17:50 GMT+0700 (Waktu Indonesia Barat) : INFO : SERVER RUN IN http://localhost:3000/
Mon Jun 26 2023 08:18:27 GMT+0700 (Waktu Indonesia Barat) : INFO : SERVER RUN IN http://localhost:3000/
Mon Jun 26 2023 08:19:11 GMT+0700 (Waktu Indonesia Barat) : INFO : SERVER RUN IN http://localhost:3000/
Mon Jun 26 2023 08:26:13 GMT+0700 (Waktu Indonesia Barat) : INFO : SERVER RUN IN http://localhost:3000/
Mon Jun 26 2023 08:29:39 GMT+0700 (Waktu Indonesia Barat) : INFO : SERVER RUN IN http://localhost:3000/
Mon Jun 26 2023 08:29:53 GMT+0700 (Waktu Indonesia Barat) : INFO : SERVER RUN IN http://localhost:3000/
Mon Jun 26 2023 08:33:00 GMT+0700 (Waktu Indonesia Barat) : INFO : SERVER RUN IN http://localhost:3000/
Mon Jun 26 2023 08:33:15 GMT+0700 (Waktu Indonesia Barat) : INFO : SERVER RUN IN http://localhost:3000/
Mon Jun 26 2023 08:34:09 GMT+0700 (Waktu Indonesia Barat) : INFO : SERVER RUN IN http://localhost:3000/
Mon Jun 26 2023 08:34:18 GMT+0700 (Waktu Indonesia Barat) : INFO : SERVER MENGAKSES ONE INPUT
Mon Jun 26 2023 08:36:34 GMT+0700 (Waktu Indonesia Barat) : INFO : SERVER RUN IN http://localhost:3000/
Mon Jun 26 2023 08:36:35 GMT+0700 (Waktu Indonesia Barat) : INFO : SERVER MENGAKSES ONE INPUT
Mon Jun 26 2023 08:36:50 GMT+0700 (Waktu Indonesia Barat) : INFO : SERVER RUN IN http://localhost:3000/
Mon Jun 26 2023 08:38:43 GMT+0700 (Waktu Indonesia Barat) : INFO : SERVER RUN IN http://localhost:3000/
Mon Jun 26 2023 08:38:51 GMT+0700 (Waktu Indonesia Barat) : INFO : SERVER MENGAKSES ONE INPUT
Mon Jun 26 2023 08:39:47 GMT+0700 (Waktu Indonesia Barat) : INFO : SERVER RUN IN http://localhost:3000/
Mon Jun 26 2023 08:39:54 GMT+0700 (Waktu Indonesia Barat) : INFO : SERVER MENGAKSES ONE INPUT
Mon Jun 26 2023 08:40:56 GMT+0700 (Waktu Indonesia Barat) : INFO : SERVER RUN IN http://localhost:3000/
Mon Jun 26 2023 08:40:57 GMT+0700 (Waktu Indonesia Barat) : INFO : SERVER MENGAKSES ONE INPUT
Mon Jun 26 2023 08:43:57 GMT+0700 (Waktu Indonesia Barat) : INFO : SERVER RUN IN http://localhost:3000/
Mon Jun 26 2023 08:44:20 GMT+0700 (Waktu Indonesia Barat) : INFO : SERVER RUN IN http://localhost:3000/
Mon Jun 26 2023 08:44:32 GMT+0700 (Waktu Indonesia Barat) : INFO : SERVER MENGAKSES ONE INPUT
Mon Jun 26 2023 08:44:51 GMT+0700 (Waktu Indonesia Barat) : INFO : SERVER RUN IN http://localhost:3000/
Mon Jun 26 2023 08:44:52 GMT+0700 (Waktu Indonesia Barat) : INFO : SERVER MENGAKSES ONE INPUT
Mon Jun 26 2023 08:48:13 GMT+0700 (Waktu Indonesia Barat) : INFO : SERVER RUN IN http://localhost:3000/
Mon Jun 26 2023 08:48:24 GMT+0700 (Waktu Indonesia Barat) : INFO : SERVER RUN IN http://localhost:3000/
Mon Jun 26 2023 08:50:45 GMT+0700 (Waktu Indonesia Barat) : INFO : SERVER RUN IN http://localhost:3000/
Mon Jun 26 2023 08:50:52 GMT+0700 (Waktu Indonesia Barat) : INFO : SERVER RUN IN http://localhost:3000/
Mon Jun 26 2023 08:51:19 GMT+0700 (Waktu Indonesia Barat) : INFO : SERVER RUN IN http://localhost:3000/
Mon Jun 26 2023 08:51:23 GMT+0700 (Waktu Indonesia Barat) : INFO : SERVER MENGAKSES ONE INPUT
Mon Jun 26 2023 08:53:46 GMT+0700 (Waktu Indonesia Barat) : INFO : SERVER RUN IN http://localhost:3000/
Mon Jun 26 2023 08:54:17 GMT+0700 (Waktu Indonesia Barat) : INFO : SERVER RUN IN http://localhost:3000/
Mon Jun 26 2023 08:54:47 GMT+0700 (Waktu Indonesia Barat) : INFO : SERVER RUN IN http://localhost:3000/
Mon Jun 26 2023 08:54:47 GMT+0700 (Waktu Indonesia Barat) : INFO : SERVER MENGAKSES ONE INPUT
Mon Jun 26 2023 08:54:47 GMT+0700 (Waktu Indonesia Barat) : INFO : data berhasil di simpan
Mon Jun 26 2023 08:56:00 GMT+0700 (Waktu Indonesia Barat) : INFO : SERVER RUN IN http://localhost:3000/
Mon Jun 26 2023 08:56:01 GMT+0700 (Waktu Indonesia Barat) : INFO : SERVER MENGAKSES ONE INPUT
Mon Jun 26 2023 08:56:01 GMT+0700 (Waktu Indonesia Barat) : INFO : data berhasil di simpan
Mon Jun 26 2023 08:56:42 GMT+0700 (Waktu Indonesia Barat) : INFO : SERVER RUN IN http://localhost:3000/
Mon Jun 26 2023 08:57:00 GMT+0700 (Waktu Indonesia Barat) : INFO : SERVER MENGAKSES ONE INPUT
Mon Jun 26 2023 09:00:23 GMT+0700 (Waktu Indonesia Barat) : INFO : SERVER RUN IN http://localhost:3000/
Mon Jun 26 2023 16:07:54 GMT+0700 (Waktu Indonesia Barat) : INFO : SERVER RUN IN http://localhost:3000/
Mon Jun 26 2023 16:11:03 GMT+0700 (Waktu Indonesia Barat) : INFO : SERVER RUN IN http://localhost:3000/
Mon Jun 26 2023 16:11:55 GMT+0700 (Waktu Indonesia Barat) : INFO : SERVER RUN IN http://localhost:3000/
Mon Jun 26 2023 16:46:00 GMT+0700 (Waktu Indonesia Barat) : INFO : SERVER RUN IN http://localhost:3000/
Mon Jun 26 2023 16:47:51 GMT+0700 (Waktu Indonesia Barat) : INFO : SERVER RUN IN http://localhost:3000/
Mon Jun 26 2023 16:48:01 GMT+0700 (Waktu Indonesia Barat) : INFO : SERVER RUN IN http://localhost:3000/
Mon Jun 26 2023 16:48:59 GMT+0700 (Waktu Indonesia Barat) : INFO : SERVER RUN IN http://localhost:3000/
Mon Jun 26 2023 16:49:12 GMT+0700 (Waktu Indonesia Barat) : INFO : SERVER MENGAKSES ALL TAMPIL
Mon Jun 26 2023 16:49:46 GMT+0700 (Waktu Indonesia Barat) : INFO : SERVER RUN IN http://localhost:3000/
Mon Jun 26 2023 16:49:58 GMT+0700 (Waktu Indonesia Barat) : INFO : SERVER MENGAKSES ALL TAMPIL
Mon Jun 26 2023 16:49:58 GMT+0700 (Waktu Indonesia Barat) : INFO : data berhasil di tampilkan
Mon Jun 26 2023 16:50:24 GMT+0700 (Waktu Indonesia Barat) : ERROR : data gagal di temukan
Mon Jun 26 2023 16:51:05 GMT+0700 (Waktu Indonesia Barat) : INFO : SERVER RUN IN http://localhost:3000/
Mon Jun 26 2023 16:53:38 GMT+0700 (Waktu Indonesia Barat) : INFO : SERVER RUN IN http://localhost:3000/
Mon Jun 26 2023 16:53:46 GMT+0700 (Waktu Indonesia Barat) : INFO : SERVER MENGAKSES ONE INPUT
Mon Jun 26 2023 16:53:46 GMT+0700 (Waktu Indonesia Barat) : ERROR : "image" is not allowed
Mon Jun 26 2023 16:55:18 GMT+0700 (Waktu Indonesia Barat) : INFO : SERVER RUN IN http://localhost:3000/
Mon Jun 26 2023 16:57:40 GMT+0700 (Waktu Indonesia Barat) : INFO : SERVER RUN IN http://localhost:3000/
Mon Jun 26 2023 16:57:59 GMT+0700 (Waktu Indonesia Barat) : INFO : SERVER MENGAKSES ONE INPUT
Mon Jun 26 2023 16:57:59 GMT+0700 (Waktu Indonesia Barat) : ERROR : "kelas" must be one of [XI RPL 1, XI RPL 2]
Mon Jun 26 2023 16:58:39 GMT+0700 (Waktu Indonesia Barat) : INFO : SERVER RUN IN http://localhost:3000/
Mon Jun 26 2023 16:58:40 GMT+0700 (Waktu Indonesia Barat) : INFO : SERVER MENGAKSES ONE INPUT
Mon Jun 26 2023 16:58:40 GMT+0700 (Waktu Indonesia Barat) : ERROR : "kelas" must be one of [XI RPL 1, XI RPL 2]
Mon Jun 26 2023 16:58:52 GMT+0700 (Waktu Indonesia Barat) : INFO : SERVER RUN IN http://localhost:3000/
Mon Jun 26 2023 16:58:54 GMT+0700 (Waktu Indonesia Barat) : INFO : SERVER MENGAKSES ONE INPUT
Mon Jun 26 2023 16:58:54 GMT+0700 (Waktu Indonesia Barat) : ERROR : "kelas" must be one of [XI RPL 1, XI RPL 2]
Mon Jun 26 2023 16:59:03 GMT+0700 (Waktu Indonesia Barat) : INFO : SERVER RUN IN http://localhost:3000/
Mon Jun 26 2023 16:59:36 GMT+0700 (Waktu Indonesia Barat) : INFO : SERVER RUN IN http://localhost:3000/
Mon Jun 26 2023 17:01:12 GMT+0700 (Waktu Indonesia Barat) : INFO : SERVER RUN IN http://localhost:3000/
Mon Jun 26 2023 17:02:50 GMT+0700 (Waktu Indonesia Barat) : INFO : SERVER RUN IN http://localhost:3000/
Mon Jun 26 2023 17:03:40 GMT+0700 (Waktu Indonesia Barat) : INFO : SERVER RUN IN http://localhost:3000/
Mon Jun 26 2023 17:04:04 GMT+0700 (Waktu Indonesia Barat) : INFO : SERVER RUN IN http://localhost:3000/
Mon Jun 26 2023 17:05:11 GMT+0700 (Waktu Indonesia Barat) : INFO : SERVER RUN IN http://localhost:3000/
Mon Jun 26 2023 17:06:24 GMT+0700 (Waktu Indonesia Barat) : INFO : SERVER RUN IN http://localhost:3000/
Mon Jun 26 2023 17:06:38 GMT+0700 (Waktu Indonesia Barat) : ERROR : data gagal di temukan
Mon Jun 26 2023 17:06:45 GMT+0700 (Waktu Indonesia Barat) : ERROR : data gagal di hapus
Mon Jun 26 2023 17:07:21 GMT+0700 (Waktu Indonesia Barat) : INFO : SERVER MENGAKSES ONE TAMPIL BY ID
Mon Jun 26 2023 17:07:21 GMT+0700 (Waktu Indonesia Barat) : ERROR : data gagal di tampilkan
Mon Jun 26 2023 17:07:28 GMT+0700 (Waktu Indonesia Barat) : INFO : SERVER MENGAKSES ALL TAMPIL
Mon Jun 26 2023 17:07:28 GMT+0700 (Waktu Indonesia Barat) : INFO : data berhasil di tampilkan
Mon Jun 26 2023 17:07:46 GMT+0700 (Waktu Indonesia Barat) : INFO : SERVER MENGAKSES ONE TAMPIL BY ID
Mon Jun 26 2023 17:07:46 GMT+0700 (Waktu Indonesia Barat) : ERROR : data gagal di tampilkan
Mon Jun 26 2023 17:08:06 GMT+0700 (Waktu Indonesia Barat) : INFO : SERVER MENGAKSES ONE TAMPIL BY ID
Mon Jun 26 2023 17:08:06 GMT+0700 (Waktu Indonesia Barat) : INFO : data berhasil di tampilkan
Wed Jun 28 2023 10:49:43 GMT+0700 (Waktu Indonesia Barat) : INFO : SERVER RUN IN http://localhost:3000/
Wed Jun 28 2023 10:50:35 GMT+0700 (Waktu Indonesia Barat) : INFO : SERVER RUN IN http://localhost:3000/
Wed Jun 28 2023 10:53:43 GMT+0700 (Waktu Indonesia Barat) : INFO : SERVER RUN IN http://localhost:3000/
Wed Jun 28 2023 10:54:15 GMT+0700 (Waktu Indonesia Barat) : INFO : SERVER MENGAKSES ALL TAMPIL
Wed Jun 28 2023 10:54:50 GMT+0700 (Waktu Indonesia Barat) : INFO : SERVER RUN IN http://localhost:3000/
Wed Jun 28 2023 10:54:52 GMT+0700 (Waktu Indonesia Barat) : INFO : SERVER MENGAKSES ALL TAMPIL
Wed Jun 28 2023 10:54:52 GMT+0700 (Waktu Indonesia Barat) : INFO : data berhasil di tampilkan
Wed Jun 28 2023 10:55:04 GMT+0700 (Waktu Indonesia Barat) : ERROR : data gagal di temukan
Wed Jun 28 2023 10:56:12 GMT+0700 (Waktu Indonesia Barat) : INFO : SERVER RUN IN http://localhost:3000/
Wed Jun 28 2023 10:56:17 GMT+0700 (Waktu Indonesia Barat) : ERROR : id yang anda masukan salah
Wed Jun 28 2023 10:57:11 GMT+0700 (Waktu Indonesia Barat) : INFO : SERVER RUN IN http://localhost:3000/
Wed Jun 28 2023 10:57:29 GMT+0700 (Waktu Indonesia Barat) : INFO : SERVER MENGAKSES ALL TAMPIL
Wed Jun 28 2023 10:57:29 GMT+0700 (Waktu Indonesia Barat) : INFO : data berhasil di tampilkan
Wed Jun 28 2023 10:57:30 GMT+0700 (Waktu Indonesia Barat) : WARN : url tidak bisa di akses
Wed Jun 28 2023 10:58:51 GMT+0700 (Waktu Indonesia Barat) : INFO : SERVER RUN IN http://localhost:3000/
Wed Jun 28 2023 10:58:51 GMT+0700 (Waktu Indonesia Barat) : INFO : SERVER MENGAKSES ALL TAMPIL
Wed Jun 28 2023 10:58:52 GMT+0700 (Waktu Indonesia Barat) : INFO : data berhasil di tampilkan
Wed Jun 28 2023 10:58:52 GMT+0700 (Waktu Indonesia Barat) : WARN : url tidak bisa di akses
Wed Jun 28 2023 10:59:04 GMT+0700 (Waktu Indonesia Barat) : INFO : SERVER RUN IN http://localhost:3000/
Wed Jun 28 2023 10:59:17 GMT+0700 (Waktu Indonesia Barat) : INFO : SERVER MENGAKSES ALL TAMPIL
Wed Jun 28 2023 10:59:17 GMT+0700 (Waktu Indonesia Barat) : INFO : data berhasil di tampilkan
Wed Jun 28 2023 10:59:17 GMT+0700 (Waktu Indonesia Barat) : WARN : url tidak bisa di akses
Wed Jun 28 2023 10:59:58 GMT+0700 (Waktu Indonesia Barat) : WARN : url tidak bisa di akses
Wed Jun 28 2023 10:59:58 GMT+0700 (Waktu Indonesia Barat) : WARN : url tidak bisa di akses
Wed Jun 28 2023 11:02:08 GMT+0700 (Waktu Indonesia Barat) : INFO : SERVER RUN IN http://localhost:3000/
Wed Jun 28 2023 11:03:09 GMT+0700 (Waktu Indonesia Barat) : INFO : SERVER MENGAKSES ONE INPUT
Wed Jun 28 2023 11:03:09 GMT+0700 (Waktu Indonesia Barat) : ERROR : "kelas" must be one of [XI RPL 1, XI RPL 2]
Wed Jun 28 2023 11:03:16 GMT+0700 (Waktu Indonesia Barat) : INFO : SERVER MENGAKSES ONE INPUT
Wed Jun 28 2023 11:03:51 GMT+0700 (Waktu Indonesia Barat) : INFO : SERVER RUN IN http://localhost:3000/
Wed Jun 28 2023 11:03:59 GMT+0700 (Waktu Indonesia Barat) : INFO : SERVER RUN IN http://localhost:3000/
Wed Jun 28 2023 11:04:00 GMT+0700 (Waktu Indonesia Barat) : INFO : SERVER MENGAKSES ONE INPUT
Wed Jun 28 2023 11:04:00 GMT+0700 (Waktu Indonesia Barat) : INFO : data berhasil di simpan
Wed Jun 28 2023 11:04:29 GMT+0700 (Waktu Indonesia Barat) : INFO : SERVER MENGAKSES ONE TAMPIL BY ID
Wed Jun 28 2023 11:04:29 GMT+0700 (Waktu Indonesia Barat) : INFO : data berhasil di tampilkan
Wed Jun 28 2023 11:05:02 GMT+0700 (Waktu Indonesia Barat) : INFO : SERVER MENGAKSES ONE TAMPIL BY ID
Wed Jun 28 2023 11:05:02 GMT+0700 (Waktu Indonesia Barat) : INFO : data berhasil di tampilkan
Wed Jun 28 2023 11:05:02 GMT+0700 (Waktu Indonesia Barat) : WARN : url tidak bisa di akses
Wed Jun 28 2023 11:05:22 GMT+0700 (Waktu Indonesia Barat) : WARN : url tidak bisa di akses
Wed Jun 28 2023 11:05:27 GMT+0700 (Waktu Indonesia Barat) : WARN : url tidak bisa di akses
Wed Jun 28 2023 11:05:27 GMT+0700 (Waktu Indonesia Barat) : WARN : url tidak bisa di akses
Wed Jun 28 2023 11:06:01 GMT+0700 (Waktu Indonesia Barat) : WARN : url tidak bisa di akses
Wed Jun 28 2023 11:06:07 GMT+0700 (Waktu Indonesia Barat) : WARN : url tidak bisa di akses
Wed Jun 28 2023 11:07:03 GMT+0700 (Waktu Indonesia Barat) : INFO : SERVER MENGAKSES ALL TAMPIL
Wed Jun 28 2023 11:07:03 GMT+0700 (Waktu Indonesia Barat) : INFO : data berhasil di tampilkan
Wed Jun 28 2023 11:09:15 GMT+0700 (Waktu Indonesia Barat) : WARN : url tidak bisa di akses
Wed Jun 28 2023 11:09:16 GMT+0700 (Waktu Indonesia Barat) : WARN : url tidak bisa di akses
Wed Jun 28 2023 11:09:31 GMT+0700 (Waktu Indonesia Barat) : WARN : url tidak bisa di akses
Wed Jun 28 2023 11:09:34 GMT+0700 (Waktu Indonesia Barat) : WARN : url tidak bisa di akses
Wed Jun 28 2023 11:09:35 GMT+0700 (Waktu Indonesia Barat) : WARN : url tidak bisa di akses
Wed Jun 28 2023 11:11:42 GMT+0700 (Waktu Indonesia Barat) : INFO : SERVER RUN IN http://localhost:3000/
Wed Jun 28 2023 11:11:46 GMT+0700 (Waktu Indonesia Barat) : INFO : SERVER MENGAKSES ONE INPUT
Wed Jun 28 2023 11:11:46 GMT+0700 (Waktu Indonesia Barat) : INFO : data berhasil di simpan
Wed Jun 28 2023 11:11:55 GMT+0700 (Waktu Indonesia Barat) : INFO : SERVER MENGAKSES ALL TAMPIL
Wed Jun 28 2023 11:11:55 GMT+0700 (Waktu Indonesia Barat) : INFO : data berhasil di tampilkan
Wed Jun 28 2023 11:12:24 GMT+0700 (Waktu Indonesia Barat) : INFO : SERVER RUN IN http://localhost:3000/
Wed Jun 28 2023 11:12:29 GMT+0700 (Waktu Indonesia Barat) : INFO : SERVER RUN IN http://localhost:3000/
Wed Jun 28 2023 11:12:36 GMT+0700 (Waktu Indonesia Barat) : INFO : SERVER RUN IN http://localhost:3000/
Wed Jun 28 2023 11:12:54 GMT+0700 (Waktu Indonesia Barat) : INFO : data berhasil di hapus
Wed Jun 28 2023 11:14:19 GMT+0700 (Waktu Indonesia Barat) : INFO : SERVER RUN IN http://localhost:3000/
Wed Jun 28 2023 11:19:07 GMT+0700 (Waktu Indonesia Barat) : INFO : SERVER RUN IN http://localhost:3000/
Wed Jun 28 2023 11:20:27 GMT+0700 (Waktu Indonesia Barat) : INFO : SERVER RUN IN http://localhost:3000/
Wed Jun 28 2023 11:22:40 GMT+0700 (Waktu Indonesia Barat) : INFO : SERVER RUN IN http://localhost:3000/
Wed Jun 28 2023 11:23:18 GMT+0700 (Waktu Indonesia Barat) : INFO : SERVER RUN IN http://localhost:3000/
Wed Jun 28 2023 11:27:59 GMT+0700 (Waktu Indonesia Barat) : INFO : SERVER RUN IN http://localhost:3000/
Wed Jun 28 2023 11:32:55 GMT+0700 (Waktu Indonesia Barat) : INFO : SERVER RUN IN http://localhost:3000/
Wed Jun 28 2023 11:34:08 GMT+0700 (Waktu Indonesia Barat) : INFO : SERVER RUN IN http://localhost:3000/
Wed Jun 28 2023 11:34:36 GMT+0700 (Waktu Indonesia Barat) : INFO : SERVER RUN IN http://localhost:3000/
Wed Jun 28 2023 11:34:38 GMT+0700 (Waktu Indonesia Barat) : INFO : SERVER MENGAKSES ONE INPUT
Wed Jun 28 2023 11:34:38 GMT+0700 (Waktu Indonesia Barat) : INFO : data berhasil di simpan
Wed Jun 28 2023 11:34:57 GMT+0700 (Waktu Indonesia Barat) : WARN : url tidak bisa di akses
Wed Jun 28 2023 11:37:01 GMT+0700 (Waktu Indonesia Barat) : INFO : SERVER RUN IN http://localhost:3000/
Wed Jun 28 2023 11:37:07 GMT+0700 (Waktu Indonesia Barat) : INFO : SERVER MENGAKSES ALL TAMPIL
Wed Jun 28 2023 11:37:07 GMT+0700 (Waktu Indonesia Barat) : INFO : data berhasil di tampilkan
Wed Jun 28 2023 11:38:43 GMT+0700 (Waktu Indonesia Barat) : INFO : SERVER RUN IN http://localhost:3000/
Wed Jun 28 2023 11:38:44 GMT+0700 (Waktu Indonesia Barat) : INFO : SERVER MENGAKSES ALL TAMPIL
Wed Jun 28 2023 11:38:44 GMT+0700 (Waktu Indonesia Barat) : INFO : data berhasil di tampilkan
Wed Jun 28 2023 11:39:06 GMT+0700 (Waktu Indonesia Barat) : INFO : SERVER RUN IN http://localhost:3000/
Wed Jun 28 2023 11:39:46 GMT+0700 (Waktu Indonesia Barat) : INFO : SERVER RUN IN http://localhost:3000/
Wed Jun 28 2023 11:40:03 GMT+0700 (Waktu Indonesia Barat) : INFO : data berhasil di hapus
Wed Jun 28 2023 11:40:09 GMT+0700 (Waktu Indonesia Barat) : INFO : SERVER MENGAKSES ONE INPUT
Wed Jun 28 2023 11:40:09 GMT+0700 (Waktu Indonesia Barat) : INFO : data berhasil di simpan
Wed Jun 28 2023 11:40:13 GMT+0700 (Waktu Indonesia Barat) : INFO : SERVER MENGAKSES ALL TAMPIL
Wed Jun 28 2023 11:40:13 GMT+0700 (Waktu Indonesia Barat) : INFO : data berhasil di tampilkan
Wed Jun 28 2023 11:40:28 GMT+0700 (Waktu Indonesia Barat) : WARN : url tidak bisa di akses
Wed Jun 28 2023 11:40:29 GMT+0700 (Waktu Indonesia Barat) : WARN : url tidak bisa di akses
Wed Jun 28 2023 11:40:49 GMT+0700 (Waktu Indonesia Barat) : WARN : url tidak bisa di akses
Wed Jun 28 2023 11:50:27 GMT+0700 (Waktu Indonesia Barat) : INFO : SERVER RUN IN http://localhost:3000/
Wed Jun 28 2023 11:51:12 GMT+0700 (Waktu Indonesia Barat) : INFO : SERVER RUN IN http://localhost:3000/
Wed Jun 28 2023 11:51:14 GMT+0700 (Waktu Indonesia Barat) : INFO : SERVER MENGAKSES ALL TAMPIL
Wed Jun 28 2023 11:51:14 GMT+0700 (Waktu Indonesia Barat) : INFO : data berhasil di tampilkan
Wed Jun 28 2023 11:52:11 GMT+0700 (Waktu Indonesia Barat) : INFO : SERVER RUN IN http://localhost:3000/
Wed Jun 28 2023 11:53:00 GMT+0700 (Waktu Indonesia Barat) : INFO : SERVER RUN IN http://localhost:3000/
Wed Jun 28 2023 11:53:44 GMT+0700 (Waktu Indonesia Barat) : INFO : SERVER RUN IN http://localhost:3000/
Wed Jun 28 2023 11:54:04 GMT+0700 (Waktu Indonesia Barat) : INFO : SERVER RUN IN http://localhost:3000/
Wed Jun 28 2023 11:54:20 GMT+0700 (Waktu Indonesia Barat) : INFO : SERVER MENGAKSES ALL TAMPIL
Wed Jun 28 2023 11:54:20 GMT+0700 (Waktu Indonesia Barat) : INFO : data berhasil di tampilkan
Wed Jun 28 2023 11:54:45 GMT+0700 (Waktu Indonesia Barat) : INFO : SERVER RUN IN http://localhost:3000/
Wed Jun 28 2023 11:54:46 GMT+0700 (Waktu Indonesia Barat) : INFO : SERVER MENGAKSES ALL TAMPIL
Wed Jun 28 2023 11:54:46 GMT+0700 (Waktu Indonesia Barat) : INFO : data berhasil di tampilkan
Wed Jun 28 2023 11:55:23 GMT+0700 (Waktu Indonesia Barat) : INFO : SERVER RUN IN http://localhost:3000/
Wed Jun 28 2023 11:55:25 GMT+0700 (Waktu Indonesia Barat) : INFO : SERVER MENGAKSES ALL TAMPIL
Wed Jun 28 2023 11:55:25 GMT+0700 (Waktu Indonesia Barat) : INFO : data berhasil di tampilkan
Wed Jun 28 2023 11:56:00 GMT+0700 (Waktu Indonesia Barat) : INFO : SERVER RUN IN http://localhost:3000/
Wed Jun 28 2023 11:56:02 GMT+0700 (Waktu Indonesia Barat) : INFO : SERVER MENGAKSES ALL TAMPIL
Wed Jun 28 2023 11:56:02 GMT+0700 (Waktu Indonesia Barat) : INFO : data berhasil di tampilkan
Wed Jun 28 2023 11:59:47 GMT+0700 (Waktu Indonesia Barat) : INFO : SERVER RUN IN http://localhost:3000/
Wed Jun 28 2023 11:59:48 GMT+0700 (Waktu Indonesia Barat) : INFO : SERVER MENGAKSES ALL TAMPIL
Wed Jun 28 2023 11:59:48 GMT+0700 (Waktu Indonesia Barat) : INFO : data berhasil di tampilkan
Wed Jun 28 2023 12:00:06 GMT+0700 (Waktu Indonesia Barat) : INFO : SERVER RUN IN http://localhost:3000/
Wed Jun 28 2023 12:00:44 GMT+0700 (Waktu Indonesia Barat) : INFO : SERVER RUN IN http://localhost:3000/
Wed Jun 28 2023 12:05:12 GMT+0700 (Waktu Indonesia Barat) : INFO : SERVER RUN IN http://localhost:3000/
Wed Jun 28 2023 12:05:44 GMT+0700 (Waktu Indonesia Barat) : INFO : SERVER RUN IN http://localhost:3000/
Wed Jun 28 2023 12:06:10 GMT+0700 (Waktu Indonesia Barat) : INFO : SERVER RUN IN http://localhost:3000/
Wed Jun 28 2023 12:06:35 GMT+0700 (Waktu Indonesia Barat) : INFO : SERVER RUN IN http://localhost:3000/
Wed Jun 28 2023 12:07:05 GMT+0700 (Waktu Indonesia Barat) : INFO : SERVER RUN IN http://localhost:3000/
Wed Jun 28 2023 12:07:07 GMT+0700 (Waktu Indonesia Barat) : INFO : SERVER MENGAKSES ALL TAMPIL
Wed Jun 28 2023 12:07:07 GMT+0700 (Waktu Indonesia Barat) : INFO : data berhasil di tampilkan
Wed Jun 28 2023 20:51:16 GMT+0700 (Waktu Indonesia Barat) : INFO : SERVER RUN IN http://localhost:3000/
Wed Jun 28 2023 20:54:24 GMT+0700 (Waktu Indonesia Barat) : INFO : SERVER MENGAKSES ONE TAMPIL BY ID
Wed Jun 28 2023 20:54:24 GMT+0700 (Waktu Indonesia Barat) : ERROR : data gagal di tampilkan
Wed Jun 28 2023 20:54:35 GMT+0700 (Waktu Indonesia Barat) : INFO : SERVER MENGAKSES ALL TAMPIL
Wed Jun 28 2023 20:54:35 GMT+0700 (Waktu Indonesia Barat) : INFO : data berhasil di tampilkan
Wed Jun 28 2023 20:54:55 GMT+0700 (Waktu Indonesia Barat) : INFO : SERVER MENGAKSES ONE TAMPIL BY ID
Wed Jun 28 2023 20:54:55 GMT+0700 (Waktu Indonesia Barat) : INFO : data berhasil di tampilkan
Wed Jun 28 2023 20:56:27 GMT+0700 (Waktu Indonesia Barat) : INFO : SERVER RUN IN http://localhost:3000/
Wed Jun 28 2023 21:00:06 GMT+0700 (Waktu Indonesia Barat) : INFO : SERVER RUN IN http://localhost:3000/
Wed Jun 28 2023 21:04:37 GMT+0700 (Waktu Indonesia Barat) : INFO : SERVER RUN IN http://localhost:3000/
Wed Jun 28 2023 21:04:40 GMT+0700 (Waktu Indonesia Barat) : ERROR : "kelas" is required
Wed Jun 28 2023 21:05:13 GMT+0700 (Waktu Indonesia Barat) : INFO : SERVER RUN IN http://localhost:3000/
Wed Jun 28 2023 21:05:16 GMT+0700 (Waktu Indonesia Barat) : ERROR : "kelas" is required
Wed Jun 28 2023 21:05:45 GMT+0700 (Waktu Indonesia Barat) : INFO : SERVER RUN IN http://localhost:3000/
Wed Jun 28 2023 21:05:46 GMT+0700 (Waktu Indonesia Barat) : ERROR : "kelas" is required
Wed Jun 28 2023 21:06:03 GMT+0700 (Waktu Indonesia Barat) : INFO : SERVER RUN IN http://localhost:3000/
Wed Jun 28 2023 21:06:04 GMT+0700 (Waktu Indonesia Barat) : ERROR : "kelas" is required
Wed Jun 28 2023 21:06:20 GMT+0700 (Waktu Indonesia Barat) : INFO : SERVER RUN IN http://localhost:3000/
Wed Jun 28 2023 21:06:21 GMT+0700 (Waktu Indonesia Barat) : ERROR : "kelas" is required
Wed Jun 28 2023 21:06:41 GMT+0700 (Waktu Indonesia Barat) : ERROR : "image" is not allowed
Wed Jun 28 2023 21:06:49 GMT+0700 (Waktu Indonesia Barat) : ERROR : "image" is not allowed
Wed Jun 28 2023 21:08:09 GMT+0700 (Waktu Indonesia Barat) : INFO : SERVER RUN IN http://localhost:3000/
Wed Jun 28 2023 21:08:10 GMT+0700 (Waktu Indonesia Barat) : ERROR : "image" is not allowed
Wed Jun 28 2023 21:08:38 GMT+0700 (Waktu Indonesia Barat) : ERROR : "image" is not allowed
Wed Jun 28 2023 21:09:01 GMT+0700 (Waktu Indonesia Barat) : ERROR : "image" is not allowed
Wed Jun 28 2023 21:09:40 GMT+0700 (Waktu Indonesia Barat) : INFO : SERVER RUN IN http://localhost:3000/
Wed Jun 28 2023 21:12:04 GMT+0700 (Waktu Indonesia Barat) : INFO : SERVER RUN IN http://localhost:3000/
Wed Jun 28 2023 21:12:09 GMT+0700 (Waktu Indonesia Barat) : INFO : SERVER RUN IN http://localhost:3000/
Wed Jun 28 2023 21:12:12 GMT+0700 (Waktu Indonesia Barat) : ERROR : "image" is not allowed
Wed Jun 28 2023 21:14:43 GMT+0700 (Waktu Indonesia Barat) : INFO : SERVER RUN IN http://localhost:3000/
Wed Jun 28 2023 21:14:52 GMT+0700 (Waktu Indonesia Barat) : ERROR : "$__" is not allowed
Wed Jun 28 2023 21:16:14 GMT+0700 (Waktu Indonesia Barat) : INFO : SERVER RUN IN http://localhost:3000/
Wed Jun 28 2023 21:16:50 GMT+0700 (Waktu Indonesia Barat) : INFO : SERVER RUN IN http://localhost:3000/
Wed Jun 28 2023 21:16:58 GMT+0700 (Waktu Indonesia Barat) : INFO : data berhasil di update
Wed Jun 28 2023 21:17:25 GMT+0700 (Waktu Indonesia Barat) : INFO : SERVER MENGAKSES ALL TAMPIL
Wed Jun 28 2023 21:17:25 GMT+0700 (Waktu Indonesia Barat) : INFO : data berhasil di tampilkan
Wed Jun 28 2023 21:19:02 GMT+0700 (Waktu Indonesia Barat) : INFO : data berhasil di update
Wed Jun 28 2023 21:20:57 GMT+0700 (Waktu Indonesia Barat) : INFO : SERVER RUN IN http://localhost:3000/
Thu Jun 29 2023 20:00:27 GMT+0700 (Waktu Indonesia Barat) : INFO : SERVER RUN IN http://localhost:3000/
Thu Jun 29 2023 20:01:17 GMT+0700 (Waktu Indonesia Barat) : INFO : SERVER RUN IN http://localhost:3000/
Thu Jun 29 2023 20:02:11 GMT+0700 (Waktu Indonesia Barat) : INFO : SERVER RUN IN http://localhost:3000/
Thu Jun 29 2023 20:03:15 GMT+0700 (Waktu Indonesia Barat) : INFO : SERVER RUN IN http://localhost:3000/
Thu Jun 29 2023 20:05:18 GMT+0700 (Waktu Indonesia Barat) : INFO : SERVER RUN IN http://localhost:3000/
Thu Jun 29 2023 20:06:26 GMT+0700 (Waktu Indonesia Barat) : INFO : SERVER MENGAKSES ALL TAMPIL
Thu Jun 29 2023 20:06:26 GMT+0700 (Waktu Indonesia Barat) : INFO : data berhasil di tampilkan
Thu Jun 29 2023 20:06:32 GMT+0700 (Waktu Indonesia Barat) : INFO : SERVER MENGAKSES ONE TAMPIL BY ID
Thu Jun 29 2023 20:06:32 GMT+0700 (Waktu Indonesia Barat) : INFO : data berhasil di tampilkan
Thu Jun 29 2023 20:06:40 GMT+0700 (Waktu Indonesia Barat) : ERROR : id yang anda masukan salah
Thu Jun 29 2023 20:10:28 GMT+0700 (Waktu Indonesia Barat) : INFO : SERVER RUN IN http://localhost:3000/
Thu Jun 29 2023 20:11:09 GMT+0700 (Waktu Indonesia Barat) : INFO : SERVER RUN IN http://localhost:3000/
Thu Jun 29 2023 20:11:13 GMT+0700 (Waktu Indonesia Barat) : INFO : SERVER MENGAKSES ONE INPUT
Thu Jun 29 2023 20:11:13 GMT+0700 (Waktu Indonesia Barat) : ERROR : "image" is required
Thu Jun 29 2023 20:11:32 GMT+0700 (Waktu Indonesia Barat) : INFO : SERVER RUN IN http://localhost:3000/
Thu Jun 29 2023 20:11:32 GMT+0700 (Waktu Indonesia Barat) : INFO : SERVER MENGAKSES ONE INPUT
Thu Jun 29 2023 20:11:32 GMT+0700 (Waktu Indonesia Barat) : ERROR : "image" is required
Thu Jun 29 2023 20:12:23 GMT+0700 (Waktu Indonesia Barat) : INFO : SERVER MENGAKSES ONE INPUT
Thu Jun 29 2023 20:12:23 GMT+0700 (Waktu Indonesia Barat) : ERROR : "image" is required
Thu Jun 29 2023 20:13:26 GMT+0700 (Waktu Indonesia Barat) : INFO : SERVER RUN IN http://localhost:3000/
Thu Jun 29 2023 20:13:28 GMT+0700 (Waktu Indonesia Barat) : INFO : SERVER MENGAKSES ONE INPUT
Thu Jun 29 2023 20:13:28 GMT+0700 (Waktu Indonesia Barat) : ERROR : "image" is required
Thu Jun 29 2023 20:13:42 GMT+0700 (Waktu Indonesia Barat) : INFO : SERVER RUN IN http://localhost:3000/
Thu Jun 29 2023 20:13:44 GMT+0700 (Waktu Indonesia Barat) : INFO : SERVER MENGAKSES ONE INPUT
Thu Jun 29 2023 20:13:44 GMT+0700 (Waktu Indonesia Barat) : ERROR : "image" is required
Thu Jun 29 2023 20:15:03 GMT+0700 (Waktu Indonesia Barat) : INFO : SERVER RUN IN http://localhost:3000/
Thu Jun 29 2023 20:15:22 GMT+0700 (Waktu Indonesia Barat) : INFO : SERVER MENGAKSES ONE INPUT
Thu Jun 29 2023 20:15:22 GMT+0700 (Waktu Indonesia Barat) : ERROR : "image" is required
Thu Jun 29 2023 20:15:51 GMT+0700 (Waktu Indonesia Barat) : INFO : SERVER RUN IN http://localhost:3000/
Thu Jun 29 2023 20:16:01 GMT+0700 (Waktu Indonesia Barat) : INFO : SERVER MENGAKSES ONE INPUT
Thu Jun 29 2023 20:16:01 GMT+0700 (Waktu Indonesia Barat) : INFO : data berhasil di simpan
Thu Jun 29 2023 20:16:14 GMT+0700 (Waktu Indonesia Barat) : INFO : SERVER MENGAKSES ONE INPUT
Thu Jun 29 2023 20:16:14 GMT+0700 (Waktu Indonesia Barat) : ERROR : "image" is not allowed
Thu Jun 29 2023 20:17:09 GMT+0700 (Waktu Indonesia Barat) : INFO : SERVER MENGAKSES ALL TAMPIL
Thu Jun 29 2023 20:17:09 GMT+0700 (Waktu Indonesia Barat) : INFO : data berhasil di tampilkan
Thu Jun 29 2023 20:18:45 GMT+0700 (Waktu Indonesia Barat) : INFO : SERVER RUN IN http://localhost:3000/
Thu Jun 29 2023 20:18:48 GMT+0700 (Waktu Indonesia Barat) : INFO : SERVER MENGAKSES ONE INPUT
Thu Jun 29 2023 20:18:48 GMT+0700 (Waktu Indonesia Barat) : ERROR : "image" is not allowed
Thu Jun 29 2023 20:19:44 GMT+0700 (Waktu Indonesia Barat) : INFO : SERVER RUN IN http://localhost:3000/
Thu Jun 29 2023 20:19:52 GMT+0700 (Waktu Indonesia Barat) : INFO : SERVER RUN IN http://localhost:3000/
Thu Jun 29 2023 20:20:34 GMT+0700 (Waktu Indonesia Barat) : INFO : SERVER RUN IN http://localhost:3000/
Thu Jun 29 2023 20:21:10 GMT+0700 (Waktu Indonesia Barat) : INFO : SERVER RUN IN http://localhost:3000/
Thu Jun 29 2023 20:21:13 GMT+0700 (Waktu Indonesia Barat) : INFO : SERVER MENGAKSES ONE INPUT
Thu Jun 29 2023 20:21:13 GMT+0700 (Waktu Indonesia Barat) : ERROR : "image" is not allowed
Thu Jun 29 2023 20:21:23 GMT+0700 (Waktu Indonesia Barat) : INFO : SERVER RUN IN http://localhost:3000/
Thu Jun 29 2023 20:31:56 GMT+0700 (Waktu Indonesia Barat) : INFO : SERVER RUN IN http://localhost:3000/
Thu Jun 29 2023 20:33:57 GMT+0700 (Waktu Indonesia Barat) : INFO : SERVER RUN IN http://localhost:3000/
Thu Jun 29 2023 20:33:58 GMT+0700 (Waktu Indonesia Barat) : INFO : SERVER MENGAKSES ONE INPUT
Thu Jun 29 2023 20:33:58 GMT+0700 (Waktu Indonesia Barat) : INFO : data berhasil di simpan
Thu Jun 29 2023 20:35:17 GMT+0700 (Waktu Indonesia Barat) : INFO : SERVER RUN IN http://localhost:3000/
Thu Jun 29 2023 20:35:33 GMT+0700 (Waktu Indonesia Barat) : INFO : SERVER RUN IN http://localhost:3000/
Thu Jun 29 2023 20:35:35 GMT+0700 (Waktu Indonesia Barat) : ERROR : Cannot read properties of undefined (reading 'filename')
Thu Jun 29 2023 20:40:45 GMT+0700 (Waktu Indonesia Barat) : ERROR : Cannot read properties of undefined (reading 'filename')
Thu Jun 29 2023 20:41:07 GMT+0700 (Waktu Indonesia Barat) : ERROR : Cannot read properties of undefined (reading 'filename')
Thu Jun 29 2023 20:41:58 GMT+0700 (Waktu Indonesia Barat) : INFO : SERVER RUN IN http://localhost:3000/
Thu Jun 29 2023 20:42:03 GMT+0700 (Waktu Indonesia Barat) : ERROR : Cannot read properties of undefined (reading 'filename')
Thu Jun 29 2023 20:47:53 GMT+0700 (Waktu Indonesia Barat) : ERROR : "image" is not allowed
Thu Jun 29 2023 20:49:15 GMT+0700 (Waktu Indonesia Barat) : ERROR : "image" is not allowed
Thu Jun 29 2023 20:49:39 GMT+0700 (Waktu Indonesia Barat) : INFO : SERVER RUN IN http://localhost:3000/
Thu Jun 29 2023 20:49:41 GMT+0700 (Waktu Indonesia Barat) : INFO : data berhasil di update
Thu Jun 29 2023 20:50:23 GMT+0700 (Waktu Indonesia Barat) : INFO : SERVER RUN IN http://localhost:3000/
Thu Jun 29 2023 20:50:33 GMT+0700 (Waktu Indonesia Barat) : ERROR : data is not defined
Thu Jun 29 2023 20:50:42 GMT+0700 (Waktu Indonesia Barat) : ERROR : data is not defined
Thu Jun 29 2023 20:51:41 GMT+0700 (Waktu Indonesia Barat) : INFO : SERVER RUN IN http://localhost:3000/
Thu Jun 29 2023 20:51:44 GMT+0700 (Waktu Indonesia Barat) : ERROR : data is not defined
Thu Jun 29 2023 20:52:36 GMT+0700 (Waktu Indonesia Barat) : INFO : SERVER RUN IN http://localhost:3000/
Thu Jun 29 2023 20:52:49 GMT+0700 (Waktu Indonesia Barat) : ERROR : data is not defined
Thu Jun 29 2023 20:53:15 GMT+0700 (Waktu Indonesia Barat) : ERROR : data is not defined
Thu Jun 29 2023 20:53:47 GMT+0700 (Waktu Indonesia Barat) : INFO : SERVER RUN IN http://localhost:3000/
Thu Jun 29 2023 20:53:49 GMT+0700 (Waktu Indonesia Barat) : ERROR : data is not defined
Thu Jun 29 2023 20:54:24 GMT+0700 (Waktu Indonesia Barat) : INFO : SERVER RUN IN http://localhost:3000/
Thu Jun 29 2023 20:54:26 GMT+0700 (Waktu Indonesia Barat) : ERROR : data is not defined
Thu Jun 29 2023 20:54:42 GMT+0700 (Waktu Indonesia Barat) : ERROR : data is not defined
Thu Jun 29 2023 20:54:51 GMT+0700 (Waktu Indonesia Barat) : ERROR : data is not defined
Thu Jun 29 2023 20:55:14 GMT+0700 (Waktu Indonesia Barat) : INFO : SERVER RUN IN http://localhost:3000/
Thu Jun 29 2023 20:56:30 GMT+0700 (Waktu Indonesia Barat) : INFO : SERVER RUN IN http://localhost:3000/
Thu Jun 29 2023 20:57:15 GMT+0700 (Waktu Indonesia Barat) : INFO : SERVER RUN IN http://localhost:3000/
Thu Jun 29 2023 20:57:32 GMT+0700 (Waktu Indonesia Barat) : INFO : SERVER RUN IN http://localhost:3000/
Thu Jun 29 2023 20:57:52 GMT+0700 (Waktu Indonesia Barat) : INFO : SERVER RUN IN http://localhost:3000/
Fri Jun 30 2023 08:34:33 GMT+0700 (Waktu Indonesia Barat) : INFO : SERVER RUN IN http://localhost:3000/
Fri Jun 30 2023 08:38:40 GMT+0700 (Waktu Indonesia Barat) : INFO : SERVER RUN IN http://localhost:3000/
Fri Jun 30 2023 08:38:43 GMT+0700 (Waktu Indonesia Barat) : ERROR : data is not defined
Fri Jun 30 2023 08:40:34 GMT+0700 (Waktu Indonesia Barat) : INFO : SERVER RUN IN http://localhost:3000/
Fri Jun 30 2023 08:44:32 GMT+0700 (Waktu Indonesia Barat) : INFO : SERVER RUN IN http://localhost:3000/
Fri Jun 30 2023 08:44:35 GMT+0700 (Waktu Indonesia Barat) : ERROR : data is not defined
Fri Jun 30 2023 08:45:22 GMT+0700 (Waktu Indonesia Barat) : INFO : SERVER RUN IN http://localhost:3000/
Fri Jun 30 2023 08:45:24 GMT+0700 (Waktu Indonesia Barat) : ERROR : resultData is not defined
Fri Jun 30 2023 08:45:41 GMT+0700 (Waktu Indonesia Barat) : INFO : SERVER RUN IN http://localhost:3000/
Fri Jun 30 2023 08:47:45 GMT+0700 (Waktu Indonesia Barat) : INFO : SERVER RUN IN http://localhost:3000/
Fri Jun 30 2023 08:48:01 GMT+0700 (Waktu Indonesia Barat) : INFO : SERVER RUN IN http://localhost:3000/
Fri Jun 30 2023 08:48:03 GMT+0700 (Waktu Indonesia Barat) : ERROR : data is not defined
Fri Jun 30 2023 08:49:04 GMT+0700 (Waktu Indonesia Barat) : ERROR : data is not defined
Fri Jun 30 2023 08:51:23 GMT+0700 (Waktu Indonesia Barat) : INFO : SERVER RUN IN http://localhost:3000/
Fri Jun 30 2023 08:51:24 GMT+0700 (Waktu Indonesia Barat) : ERROR : "jurusan" is required
Fri Jun 30 2023 08:51:43 GMT+0700 (Waktu Indonesia Barat) : ERROR : "image" is required
Fri Jun 30 2023 08:52:07 GMT+0700 (Waktu Indonesia Barat) : ERROR : "image" is required
Fri Jun 30 2023 08:52:27 GMT+0700 (Waktu Indonesia Barat) : INFO : SERVER RUN IN http://localhost:3000/
Fri Jun 30 2023 08:52:53 GMT+0700 (Waktu Indonesia Barat) : INFO : SERVER RUN IN http://localhost:3000/
Fri Jun 30 2023 08:52:55 GMT+0700 (Waktu Indonesia Barat) : INFO : data berhasil di update
