Mon Jun 19 2023 13:49:33 GMT+0700 (Waktu Indonesia Barat) : ERROR : data gagal di temukan
Tue Jun 20 2023 08:55:44 GMT+0700 (Waktu Indonesia Barat) : ERROR : data gagal di temukan
Tue Jun 20 2023 08:57:46 GMT+0700 (Waktu Indonesia Barat) : ERROR : data gagal di temukan
Tue Jun 20 2023 08:59:13 GMT+0700 (Waktu Indonesia Barat) : ERROR : data gagal di temukan
Tue Jun 20 2023 09:03:01 GMT+0700 (Waktu Indonesia Barat) : ERROR : data gagal di temukan
Tue Jun 20 2023 09:03:22 GMT+0700 (Waktu Indonesia Barat) : ERROR : data gagal di temukan
Tue Jun 20 2023 09:12:09 GMT+0700 (Waktu Indonesia Barat) : ERROR : data gagal di tampilkan
Tue Jun 20 2023 09:12:19 GMT+0700 (Waktu Indonesia Barat) : ERROR : data gagal di hapus
Wed Jun 21 2023 10:12:34 GMT+0700 (Waktu Indonesia Barat) : ERROR : data gagal di tampilkan
Wed Jun 21 2023 10:13:15 GMT+0700 (Waktu Indonesia Barat) : ERROR : "kelas" must be one of [XI RPL 1, XI RPL 2]
Wed Jun 21 2023 10:17:24 GMT+0700 (Waktu Indonesia Barat) : ERROR : 
Wed Jun 21 2023 10:20:22 GMT+0700 (Waktu Indonesia Barat) : ERROR : 
Thu Jun 22 2023 21:00:28 GMT+0700 (Waktu Indonesia Barat) : ERROR : "nama" is required
Thu Jun 22 2023 21:04:58 GMT+0700 (Waktu Indonesia Barat) : ERROR : "image" is required
Thu Jun 22 2023 21:05:15 GMT+0700 (Waktu Indonesia Barat) : ERROR : "image" is required
Thu Jun 22 2023 21:08:16 GMT+0700 (Waktu Indonesia Barat) : ERROR : "image" is required
Thu Jun 22 2023 21:26:16 GMT+0700 (Waktu Indonesia Barat) : ERROR : "image" is required
Mon Jun 26 2023 16:50:24 GMT+0700 (Waktu Indonesia Barat) : ERROR : data gagal di temukan
Mon Jun 26 2023 16:53:46 GMT+0700 (Waktu Indonesia Barat) : ERROR : "image" is not allowed
Mon Jun 26 2023 16:57:59 GMT+0700 (Waktu Indonesia Barat) : ERROR : "kelas" must be one of [XI RPL 1, XI RPL 2]
Mon Jun 26 2023 16:58:40 GMT+0700 (Waktu Indonesia Barat) : ERROR : "kelas" must be one of [XI RPL 1, XI RPL 2]
Mon Jun 26 2023 16:58:54 GMT+0700 (Waktu Indonesia Barat) : ERROR : "kelas" must be one of [XI RPL 1, XI RPL 2]
Mon Jun 26 2023 17:06:38 GMT+0700 (Waktu Indonesia Barat) : ERROR : data gagal di temukan
Mon Jun 26 2023 17:06:45 GMT+0700 (Waktu Indonesia Barat) : ERROR : data gagal di hapus
Mon Jun 26 2023 17:07:21 GMT+0700 (Waktu Indonesia Barat) : ERROR : data gagal di tampilkan
Mon Jun 26 2023 17:07:46 GMT+0700 (Waktu Indonesia Barat) : ERROR : data gagal di tampilkan
Wed Jun 28 2023 10:55:04 GMT+0700 (Waktu Indonesia Barat) : ERROR : data gagal di temukan
Wed Jun 28 2023 10:56:17 GMT+0700 (Waktu Indonesia Barat) : ERROR : id yang anda masukan salah
Wed Jun 28 2023 11:03:09 GMT+0700 (Waktu Indonesia Barat) : ERROR : "kelas" must be one of [XI RPL 1, XI RPL 2]
Wed Jun 28 2023 20:54:24 GMT+0700 (Waktu Indonesia Barat) : ERROR : data gagal di tampilkan
Wed Jun 28 2023 21:04:40 GMT+0700 (Waktu Indonesia Barat) : ERROR : "kelas" is required
Wed Jun 28 2023 21:05:16 GMT+0700 (Waktu Indonesia Barat) : ERROR : "kelas" is required
Wed Jun 28 2023 21:05:46 GMT+0700 (Waktu Indonesia Barat) : ERROR : "kelas" is required
Wed Jun 28 2023 21:06:04 GMT+0700 (Waktu Indonesia Barat) : ERROR : "kelas" is required
Wed Jun 28 2023 21:06:21 GMT+0700 (Waktu Indonesia Barat) : ERROR : "kelas" is required
Wed Jun 28 2023 21:06:41 GMT+0700 (Waktu Indonesia Barat) : ERROR : "image" is not allowed
Wed Jun 28 2023 21:06:49 GMT+0700 (Waktu Indonesia Barat) : ERROR : "image" is not allowed
Wed Jun 28 2023 21:08:10 GMT+0700 (Waktu Indonesia Barat) : ERROR : "image" is not allowed
Wed Jun 28 2023 21:08:38 GMT+0700 (Waktu Indonesia Barat) : ERROR : "image" is not allowed
Wed Jun 28 2023 21:09:01 GMT+0700 (Waktu Indonesia Barat) : ERROR : "image" is not allowed
Wed Jun 28 2023 21:12:12 GMT+0700 (Waktu Indonesia Barat) : ERROR : "image" is not allowed
Wed Jun 28 2023 21:14:52 GMT+0700 (Waktu Indonesia Barat) : ERROR : "$__" is not allowed
Thu Jun 29 2023 20:06:40 GMT+0700 (Waktu Indonesia Barat) : ERROR : id yang anda masukan salah
Thu Jun 29 2023 20:11:13 GMT+0700 (Waktu Indonesia Barat) : ERROR : "image" is required
Thu Jun 29 2023 20:11:32 GMT+0700 (Waktu Indonesia Barat) : ERROR : "image" is required
Thu Jun 29 2023 20:12:23 GMT+0700 (Waktu Indonesia Barat) : ERROR : "image" is required
Thu Jun 29 2023 20:13:28 GMT+0700 (Waktu Indonesia Barat) : ERROR : "image" is required
Thu Jun 29 2023 20:13:44 GMT+0700 (Waktu Indonesia Barat) : ERROR : "image" is required
Thu Jun 29 2023 20:15:22 GMT+0700 (Waktu Indonesia Barat) : ERROR : "image" is required
Thu Jun 29 2023 20:16:14 GMT+0700 (Waktu Indonesia Barat) : ERROR : "image" is not allowed
Thu Jun 29 2023 20:18:48 GMT+0700 (Waktu Indonesia Barat) : ERROR : "image" is not allowed
Thu Jun 29 2023 20:21:13 GMT+0700 (Waktu Indonesia Barat) : ERROR : "image" is not allowed
Thu Jun 29 2023 20:35:35 GMT+0700 (Waktu Indonesia Barat) : ERROR : Cannot read properties of undefined (reading 'filename')
Thu Jun 29 2023 20:40:45 GMT+0700 (Waktu Indonesia Barat) : ERROR : Cannot read properties of undefined (reading 'filename')
Thu Jun 29 2023 20:41:07 GMT+0700 (Waktu Indonesia Barat) : ERROR : Cannot read properties of undefined (reading 'filename')
Thu Jun 29 2023 20:42:03 GMT+0700 (Waktu Indonesia Barat) : ERROR : Cannot read properties of undefined (reading 'filename')
Thu Jun 29 2023 20:47:53 GMT+0700 (Waktu Indonesia Barat) : ERROR : "image" is not allowed
Thu Jun 29 2023 20:49:15 GMT+0700 (Waktu Indonesia Barat) : ERROR : "image" is not allowed
Thu Jun 29 2023 20:50:33 GMT+0700 (Waktu Indonesia Barat) : ERROR : data is not defined
Thu Jun 29 2023 20:50:42 GMT+0700 (Waktu Indonesia Barat) : ERROR : data is not defined
Thu Jun 29 2023 20:51:44 GMT+0700 (Waktu Indonesia Barat) : ERROR : data is not defined
Thu Jun 29 2023 20:52:49 GMT+0700 (Waktu Indonesia Barat) : ERROR : data is not defined
Thu Jun 29 2023 20:53:15 GMT+0700 (Waktu Indonesia Barat) : ERROR : data is not defined
Thu Jun 29 2023 20:53:49 GMT+0700 (Waktu Indonesia Barat) : ERROR : data is not defined
Thu Jun 29 2023 20:54:26 GMT+0700 (Waktu Indonesia Barat) : ERROR : data is not defined
Thu Jun 29 2023 20:54:42 GMT+0700 (Waktu Indonesia Barat) : ERROR : data is not defined
Thu Jun 29 2023 20:54:51 GMT+0700 (Waktu Indonesia Barat) : ERROR : data is not defined
Fri Jun 30 2023 08:38:43 GMT+0700 (Waktu Indonesia Barat) : ERROR : data is not defined
Fri Jun 30 2023 08:44:35 GMT+0700 (Waktu Indonesia Barat) : ERROR : data is not defined
Fri Jun 30 2023 08:45:24 GMT+0700 (Waktu Indonesia Barat) : ERROR : resultData is not defined
Fri Jun 30 2023 08:48:03 GMT+0700 (Waktu Indonesia Barat) : ERROR : data is not defined
Fri Jun 30 2023 08:49:04 GMT+0700 (Waktu Indonesia Barat) : ERROR : data is not defined
Fri Jun 30 2023 08:51:24 GMT+0700 (Waktu Indonesia Barat) : ERROR : "jurusan" is required
Fri Jun 30 2023 08:51:43 GMT+0700 (Waktu Indonesia Barat) : ERROR : "image" is required
Fri Jun 30 2023 08:52:07 GMT+0700 (Waktu Indonesia Barat) : ERROR : "image" is required
